<?xml version="1.0" encoding="UTF-8"?>
<!-- Generated by org.testng.reporters.JUnitXMLReporter -->
<testsuite hostname="Subham" ignored="0" name="Default test" tests="5" failures="0" timestamp="2019-11-24T14:55:37 IST" time="131.044" errors="0">
  <testcase name="verifyKiposLogo" time="0.877" classname="com.qa.tests.LoginPageTest"/>
  <testcase name="verifyPOSText" time="1.48" classname="com.qa.tests.LoginPageTest"/>
  <testcase name="verifyEmail" time="0.213" classname="com.qa.tests.LoginPageTest"/>
  <testcase name="verifyPassword" time="0.158" classname="com.qa.tests.LoginPageTest"/>
  <testcase name="verifyLogin" time="11.556" classname="com.qa.tests.LoginPageTest"/>
</testsuite> <!-- Default test -->
