<?xml version="1.0" encoding="UTF-8"?>
<!-- Generated by org.testng.reporters.JUnitXMLReporter -->
<testsuite hostname="Subham" ignored="0" name="Command line test" tests="5" failures="0" timestamp="2019-11-24T19:44:11 IST" time="168.969" errors="0">
  <testcase name="verifyKiposLogo" time="6.332" classname="com.qa.tests.LoginPageTest"/>
  <testcase name="verifyPOSText" time="0.236" classname="com.qa.tests.LoginPageTest"/>
  <testcase name="verifyEmail" time="0.377" classname="com.qa.tests.LoginPageTest"/>
  <testcase name="verifyPassword" time="6.774" classname="com.qa.tests.LoginPageTest"/>
  <testcase name="verifyLogin" time="12.013" classname="com.qa.tests.LoginPageTest"/>
</testsuite> <!-- Command line test -->
