<?xml version="1.0" encoding="UTF-8"?>
<testng-results skipped="0" failed="0" ignored="0" total="5" passed="5">
  <reporter-output>
  </reporter-output>
  <suite name="Default suite" duration-ms="131044" started-at="2019-11-24T14:53:26 IST" finished-at="2019-11-24T14:55:37 IST">
    <groups>
    </groups>
    <test name="Default test" duration-ms="131044" started-at="2019-11-24T14:53:26 IST" finished-at="2019-11-24T14:55:37 IST">
      <class name="com.qa.tests.LoginPageTest">
        <test-method status="PASS" signature="setUp()[pri:0, instance:com.qa.tests.LoginPageTest@2a17b7b6]" name="setUp" is-config="true" duration-ms="25599" started-at="2019-11-24T14:53:26 IST" finished-at="2019-11-24T14:53:52 IST">
          <reporter-output>
          </reporter-output>
        </test-method> <!-- setUp -->
        <test-method status="PASS" signature="verifyKiposLogo()[pri:1, instance:com.qa.tests.LoginPageTest@2a17b7b6]" name="verifyKiposLogo" duration-ms="877" started-at="2019-11-24T14:53:52 IST" finished-at="2019-11-24T14:53:53 IST">
          <reporter-output>
          </reporter-output>
        </test-method> <!-- verifyKiposLogo -->
        <test-method status="PASS" signature="tearDown()[pri:0, instance:com.qa.tests.LoginPageTest@2a17b7b6]" name="tearDown" is-config="true" duration-ms="1034" started-at="2019-11-24T14:53:53 IST" finished-at="2019-11-24T14:53:54 IST">
          <reporter-output>
          </reporter-output>
        </test-method> <!-- tearDown -->
        <test-method status="PASS" signature="setUp()[pri:0, instance:com.qa.tests.LoginPageTest@2a17b7b6]" name="setUp" is-config="true" duration-ms="29013" started-at="2019-11-24T14:53:54 IST" finished-at="2019-11-24T14:54:23 IST">
          <reporter-output>
          </reporter-output>
        </test-method> <!-- setUp -->
        <test-method status="PASS" signature="verifyPOSText()[pri:2, instance:com.qa.tests.LoginPageTest@2a17b7b6]" name="verifyPOSText" duration-ms="1480" started-at="2019-11-24T14:54:23 IST" finished-at="2019-11-24T14:54:24 IST">
          <reporter-output>
          </reporter-output>
        </test-method> <!-- verifyPOSText -->
        <test-method status="PASS" signature="tearDown()[pri:0, instance:com.qa.tests.LoginPageTest@2a17b7b6]" name="tearDown" is-config="true" duration-ms="640" started-at="2019-11-24T14:54:24 IST" finished-at="2019-11-24T14:54:25 IST">
          <reporter-output>
          </reporter-output>
        </test-method> <!-- tearDown -->
        <test-method status="PASS" signature="setUp()[pri:0, instance:com.qa.tests.LoginPageTest@2a17b7b6]" name="setUp" is-config="true" duration-ms="23310" started-at="2019-11-24T14:54:25 IST" finished-at="2019-11-24T14:54:48 IST">
          <reporter-output>
          </reporter-output>
        </test-method> <!-- setUp -->
        <test-method status="PASS" signature="verifyEmail()[pri:3, instance:com.qa.tests.LoginPageTest@2a17b7b6]" name="verifyEmail" duration-ms="213" started-at="2019-11-24T14:54:48 IST" finished-at="2019-11-24T14:54:48 IST">
          <reporter-output>
          </reporter-output>
        </test-method> <!-- verifyEmail -->
        <test-method status="PASS" signature="tearDown()[pri:0, instance:com.qa.tests.LoginPageTest@2a17b7b6]" name="tearDown" is-config="true" duration-ms="649" started-at="2019-11-24T14:54:48 IST" finished-at="2019-11-24T14:54:49 IST">
          <reporter-output>
          </reporter-output>
        </test-method> <!-- tearDown -->
        <test-method status="PASS" signature="setUp()[pri:0, instance:com.qa.tests.LoginPageTest@2a17b7b6]" name="setUp" is-config="true" duration-ms="18042" started-at="2019-11-24T14:54:49 IST" finished-at="2019-11-24T14:55:07 IST">
          <reporter-output>
          </reporter-output>
        </test-method> <!-- setUp -->
        <test-method status="PASS" signature="verifyPassword()[pri:4, instance:com.qa.tests.LoginPageTest@2a17b7b6]" name="verifyPassword" duration-ms="158" started-at="2019-11-24T14:55:07 IST" finished-at="2019-11-24T14:55:07 IST">
          <reporter-output>
          </reporter-output>
        </test-method> <!-- verifyPassword -->
        <test-method status="PASS" signature="tearDown()[pri:0, instance:com.qa.tests.LoginPageTest@2a17b7b6]" name="tearDown" is-config="true" duration-ms="653" started-at="2019-11-24T14:55:07 IST" finished-at="2019-11-24T14:55:08 IST">
          <reporter-output>
          </reporter-output>
        </test-method> <!-- tearDown -->
        <test-method status="PASS" signature="setUp()[pri:0, instance:com.qa.tests.LoginPageTest@2a17b7b6]" name="setUp" is-config="true" duration-ms="17081" started-at="2019-11-24T14:55:08 IST" finished-at="2019-11-24T14:55:25 IST">
          <reporter-output>
          </reporter-output>
        </test-method> <!-- setUp -->
        <test-method status="PASS" signature="verifyLogin()[pri:5, instance:com.qa.tests.LoginPageTest@2a17b7b6]" name="verifyLogin" duration-ms="11556" started-at="2019-11-24T14:55:25 IST" finished-at="2019-11-24T14:55:36 IST">
          <reporter-output>
          </reporter-output>
        </test-method> <!-- verifyLogin -->
        <test-method status="PASS" signature="tearDown()[pri:0, instance:com.qa.tests.LoginPageTest@2a17b7b6]" name="tearDown" is-config="true" duration-ms="693" started-at="2019-11-24T14:55:36 IST" finished-at="2019-11-24T14:55:37 IST">
          <reporter-output>
          </reporter-output>
        </test-method> <!-- tearDown -->
      </class> <!-- com.qa.tests.LoginPageTest -->
    </test> <!-- Default test -->
  </suite> <!-- Default suite -->
</testng-results>
